<?xml version="1.0" encoding="UTF-8" ?>
<testsuites>
  <testsuite errors="0" failures="3" hostname="SANDESH-PC" id="0" name="Testcalculator" package="junit3" tests="5" time="0.273" timestamp="2011-03-02T23:43:15">
      <properties>
          <property name="java.vendor" value="Sun Microsystems Inc." />

          <property name="sun.java.launcher" value="SUN_STANDARD" />

          <property name="eclipse.pdebuild.templates" value="/C:/eclipse/plugins/org.eclipse.pde.build_3.6.0.v20100603/templates/" />

          <property name="sun.management.compiler" value="HotSpot Client Compiler" />

          <property name="dist" value="C:\Users\SANDESH\workspace\AntProject\dist" />

          <property name="lib" value="C:\Users\SANDESH\workspace\AntProject\lib" />

          <property name="os.name" value="Windows 7" />

          <property name="sun.boot.class.path" value="C:\Program Files\Java\jre6\lib\resources.jar;C:\Program Files\Java\jre6\lib\rt.jar;C:\Program Files\Java\jre6\lib\sunrsasign.jar;C:\Program Files\Java\jre6\lib\jsse.jar;C:\Program Files\Java\jre6\lib\jce.jar;C:\Program Files\Java\jre6\lib\charsets.jar;C:\Program Files\Java\jre6\lib\modules\jdk.boot.jar;C:\Program Files\Java\jre6\classes" />

          <property name="TODAY" value="March 2 2011" />

          <property name="sun.desktop" value="windows" />

          <property name="java.vm.specification.vendor" value="Sun Microsystems Inc." />

          <property name="ant.home" value="C:\eclipse\plugins\org.apache.ant_1.7.1.v20100518-1145" />

          <property name="java.runtime.version" value="1.6.0_24-b07" />

          <property name="ant.file.SampleJUnitTests" value="C:\Users\SANDESH\workspace\AntProject\build.xml" />

          <property name="user.name" value="SANDESH" />

          <property name="reports" value="C:\Users\SANDESH\workspace\AntProject\reports" />

          <property name="user.language" value="en" />

          <property name="build" value="C:\Users\SANDESH\workspace\AntProject\bin" />

          <property name="sun.boot.library.path" value="C:\Program Files\Java\jre6\bin" />

          <property name="ant.project.name" value="SampleJUnitTests" />

          <property name="DSTAMP" value="20110302" />

          <property name="java.version" value="1.6.0_24" />

          <property name="user.timezone" value="" />

          <property name="sun.arch.data.model" value="32" />

          <property name="java.endorsed.dirs" value="C:\Program Files\Java\jre6\lib\endorsed" />

          <property name="sun.cpu.isalist" value="pentium_pro+mmx pentium_pro pentium+mmx pentium i486 i386 i86" />

          <property name="sun.jnu.encoding" value="Cp1252" />

          <property name="file.encoding.pkg" value="sun.io" />

          <property name="file.separator" value="\" />

          <property name="java.specification.name" value="Java Platform API Specification" />

          <property name="java.class.version" value="50.0" />

          <property name="src" value="C:\Users\SANDESH\workspace\AntProject\src" />

          <property name="user.country" value="US" />

          <property name="java.home" value="C:\Program Files\Java\jre6" />

          <property name="java.vm.info" value="mixed mode, sharing" />

          <property name="ant.file" value="C:\Users\SANDESH\workspace\AntProject\build.xml" />

          <property name="os.version" value="6.1" />

          <property name="res" value="C:\Users\SANDESH\workspace\AntProject\res" />

          <property name="project_name" value="junitSamples" />

          <property name="path.separator" value=";" />

          <property name="java.vm.version" value="19.1-b02" />

          <property name="user.variant" value="" />

          <property name="ant.library.dir" value="C:\eclipse\plugins\org.apache.ant_1.7.1.v20100518-1145\lib" />

          <property name="java.awt.printerjob" value="sun.awt.windows.WPrinterJob" />

          <property name="sun.io.unicode.encoding" value="UnicodeLittle" />

          <property name="awt.toolkit" value="sun.awt.windows.WToolkit" />

          <property name="eclipse.pdebuild.scripts" value="/C:/eclipse/plugins/org.eclipse.pde.build_3.6.0.v20100603/scripts/" />

          <property name="user.home" value="C:\Users\SANDESH" />

          <property name="java.specification.vendor" value="Sun Microsystems Inc." />

          <property name="java.library.path" value="C:\Program Files\Java\jre6\bin;.;C:\Windows\Sun\Java\bin;C:\Windows\system32;C:\Windows;C:/Program Files/Java/jre6/bin/client;C:/Program Files/Java/jre6/bin;C:/Program Files/Java/jre6/lib/i386;C:\app\SANDESH\product\11.2.0\dbhome_1\bin;C:\Program Files\Common Files\Microsoft Shared\Windows Live;C:\Program Files\PC Connectivity Solution\;C:\Windows\system32;C:\Windows;C:\Windows\System32\Wbem;C:\Windows\System32\WindowsPowerShell\v1.0\;%AS_HOME%\bin;C:\Program Files\QuickTime\QTSystem\;C:\strawberry\c\bin;C:\strawberry\perl\site\bin;C:\strawberry\perl\bin;C:\Program Files\MySQL\MySQL Server 5.5\bin;C:\Program Files\TortoiseSVN\bin;C:\Program Files\Java\jdk1.6.0_18\bin;C:\apache-ant-1.8.2\bin;" />

          <property name="java.vendor.url" value="http://java.sun.com/" />

          <property name="java.vm.vendor" value="Sun Microsystems Inc." />

          <property name="java.runtime.name" value="Java(TM) SE Runtime Environment" />

          <property name="java.class.path" value="C:\Users\SANDESH\workspace\AntProject\bin;C:\Users\SANDESH\workspace\AntProject\lib\junit-3.8.2.jar;C:\Users\SANDESH\workspace\AntProject;C:\Program Files\Java\jdk1.6.0_18\bin;C:\Program Files\Java\jdk1.6.0_18\lib;C:\Users\SANDESH\workspace\betasoft\src\simple;C:\Users\SANDESH\workspace\betasoft\bin\simple;C:\eclipse\plugins\org.apache.ant_1.7.1.v20100518-1145\lib\ant-launcher.jar;C:\eclipse\plugins\org.apache.ant_1.7.1.v20100518-1145\lib\ant.jar;C:\eclipse\plugins\org.apache.ant_1.7.1.v20100518-1145\lib\ant-junit.jar" />

          <property name="ant.version" value="Apache Ant version 1.7.1 compiled on June 27 2008" />

          <property name="jar_name" value="junitSamples.jar" />

          <property name="TSTAMP" value="1543" />

          <property name="war_name" value="junitSamples.war" />

          <property name="java.vm.specification.name" value="Java Virtual Machine Specification" />

          <property name="java.vm.specification.version" value="1.0" />

          <property name="sun.cpu.endian" value="little" />

          <property name="sun.os.patch.level" value="" />

          <property name="eclipse.pdebuild.home" value="/C:/eclipse/plugins/org.eclipse.pde.build_3.6.0.v20100603/./" />

          <property name="java.io.tmpdir" value="C:\Users\SANDESH\AppData\Local\Temp\" />

          <property name="java.vendor.url.bug" value="http://java.sun.com/cgi-bin/bugreport.cgi" />

          <property name="os.arch" value="x86" />

          <property name="java.awt.graphicsenv" value="sun.awt.Win32GraphicsEnvironment" />

          <property name="java.ext.dirs" value="C:\Program Files\Java\jre6\lib\ext;C:\Windows\Sun\Java\lib\ext" />

          <property name="user.dir" value="C:\Users\SANDESH\workspace\AntProject" />

          <property name="line.separator" value=" " />

          <property name="java.vm.name" value="Java HotSpot(TM) Client VM" />

          <property name="basedir" value="C:\Users\SANDESH\workspace\AntProject" />

          <property name="ant.java.version" value="1.6" />

          <property name="ant.core.lib" value="C:\eclipse\plugins\org.apache.ant_1.7.1.v20100518-1145\lib\ant.jar" />

          <property name="file.encoding" value="Cp1252" />

          <property name="java.specification.version" value="1.6" />

      </properties>

      <testcase classname="junit3.Testcalculator" name="testAdd" time="0.016">
          <failure message="expected:&lt;6&gt; but was:&lt;5&gt;" type="junit.framework.AssertionFailedError">junit.framework.AssertionFailedError: expected:&lt;6&gt; but was:&lt;5&gt;
	at junit3.Testcalculator.testAdd(Unknown Source)
</failure>

      </testcase>

      <testcase classname="junit3.Testcalculator" name="testSubtract" time="0.046">
          <failure message="expected:&lt;0&gt; but was:&lt;1&gt;" type="junit.framework.AssertionFailedError">junit.framework.AssertionFailedError: expected:&lt;0&gt; but was:&lt;1&gt;
	at junit3.Testcalculator.testSubtract(Unknown Source)
</failure>

      </testcase>

      <testcase classname="junit3.Testcalculator" name="testMultiply" time="0.0010" />

      <testcase classname="junit3.Testcalculator" name="testDivide" time="0.0" />

      <testcase classname="junit3.Testcalculator" name="testX" time="0.0010">
          <failure message="testing failed" type="junit.framework.AssertionFailedError">junit.framework.AssertionFailedError: testing failed
	at junit3.Testcalculator.testX(Unknown Source)
</failure>

      </testcase>

      <system-out><![CDATA[]]></system-out>

      <system-err><![CDATA[]]></system-err>

  </testsuite>
</testsuites>
