<?xml version="1.0" encoding="UTF-8" ?>
<testsuites>
  <testsuite errors="0" failures="3" hostname="SANDESH-PC" id="0" name="Testcalculator" package="junit3" tests="5" time="0.273" timestamp="2011-03-02T23:43:15">
      <properties>
[...]
</properties>

      <testcase classname="junit3.Testcalculator" name="testAdd" time="0.016">
          <failure message="expected:&lt;6&gt; but was:&lt;5&gt;" type="junit.framework.AssertionFailedError">junit.framework.AssertionFailedError: expected:&lt;6&gt; but was:&lt;5&gt;
	at junit3.Testcalculator.testAdd(Unknown Source)
</failure>

      </testcase>

      <testcase classname="junit3.Testcalculator" name="testSubtract" time="0.046">
          <failure message="expected:&lt;0&gt; but was:&lt;1&gt;" type="junit.framework.AssertionFailedError">junit.framework.AssertionFailedError: expected:&lt;0&gt; but was:&lt;1&gt;
	at junit3.Testcalculator.testSubtract(Unknown Source)
</failure>

      </testcase>

      <testcase classname="junit3.Testcalculator" name="testMultiply" time="0.0010" />

      <testcase classname="junit3.Testcalculator" name="testDivide" time="0.0" />

      <testcase classname="junit3.Testcalculator" name="testX" time="0.0010">
          <failure message="testing failed" type="junit.framework.AssertionFailedError">junit.framework.AssertionFailedError: testing failed
	at junit3.Testcalculator.testX(Unknown Source)
</failure>

      </testcase>

      <system-out><![CDATA[]]></system-out>

      <system-err><![CDATA[]]></system-err>

  </testsuite>
</testsuites>
